<?xml version="1.0" encoding="UTF-8" ?>
<testsuite tests="4" failures="1" name="com.mycompany.calculadora.CalculadoraJUNITTESTTest" time="0.043" errors="0" skipped="0">
  <properties>
[...]
</properties>
  <testcase classname="com.mycompany.calculadora.CalculadoraJUNITTESTTest" name="com.mycompany.calculadora.CalculadoraJUNITTESTTest.testDivisao" time="0.043">
    <failure message="Expected java.lang.ArithmeticException to be thrown, but nothing was thrown." type="org.opentest4j.AssertionFailedError">org.opentest4j.AssertionFailedError: Expected java.lang.ArithmeticException to be thrown, but nothing was thrown.
	at org.junit.jupiter.api.AssertThrows.assertThrows(AssertThrows.java:71)
	at org.junit.jupiter.api.AssertThrows.assertThrows(AssertThrows.java:37)
	at org.junit.jupiter.api.Assertions.assertThrows(Assertions.java:2952)
	at com.mycompany.calculadora.CalculadoraJUNITTESTTest.testDivisao(CalculadoraJUNITTESTTest.java:61)
</failure>
  </testcase>
  <testcase classname="com.mycompany.calculadora.CalculadoraJUNITTESTTest" name="com.mycompany.calculadora.CalculadoraJUNITTESTTest.testMultiplicacao" time="0"/>
  <testcase classname="com.mycompany.calculadora.CalculadoraJUNITTESTTest" name="com.mycompany.calculadora.CalculadoraJUNITTESTTest.testSoma" time="0"/>
  <testcase classname="com.mycompany.calculadora.CalculadoraJUNITTESTTest" name="com.mycompany.calculadora.CalculadoraJUNITTESTTest.testSubtracao" time="0"/>
</testsuite>